        -:    0:Source:src/runtime/runtime_simd_utf8.c
        -:    0:Graph:build/test/runtime_simd_utf8_native_cycle3/runtime_simd_utf8_native_test.gcno
        -:    0:Data:build/test/runtime_simd_utf8_native_cycle3/runtime_simd_utf8_native_test.gcda
        -:    0:Runs:1
        -:    1:/*
        -:    2: * SIMD UTF-8 Operations — codepoint counting, validation, invalid-byte search
        -:    3: *
        -:    4: * Wave 1: scalar stubs with reserved-field caching.
        -:    5: * Wave 2: AVX2/SSE2/NEON fast paths via __attribute__((target)).
        -:    6: *
        -:    7: * Build: cc -c -fPIC -O2 -std=gnu11 -I. runtime_simd_utf8.c
        -:    8: */
        -:    9:
        -:   10:#include "runtime_simd_dispatch.h"
        -:   11:#include <stdlib.h>
        -:   12:#include <stdio.h>
        -:   13:#include <ctype.h>
        -:   14:#include <string.h>
        -:   15:
        -:   16:/* Site ids + prototypes for the UTF-8 slice-boundary audit defined at the
        -:   17: * bottom of this file. Declared locally (not in runtime.h) so the legacy C
        -:   18: * translation units that are NOT linked with this file can take a weak
        -:   19: * reference without dragging in the SIMD dispatch header. */
        -:   20:#define RT_TEXT_SLICE_SITE_RT_SLICE_C      0
        -:   21:#define RT_TEXT_SLICE_SITE_SPL_STR_SLICE   1
        -:   22:#define RT_TEXT_SLICE_SITE_SPL_LEGACY      2
        -:   23:#define RT_TEXT_SLICE_SITE_RT_SLICE_SIMPLE 3
        -:   24:#define RT_TEXT_SLICE_SITE_SELF_TEST       4
        -:   25:
        -:   26:#if SIMD_HAS_X86
        -:   27:#  include <immintrin.h>
        -:   28:#endif
        -:   29:
        -:   30:#if SIMD_HAS_NEON
        -:   31:#  include <arm_neon.h>
        -:   32:#endif
        -:   33:
        -:   34:/* ================================================================
        -:   35: * Reserved-Field Cache Helpers
        -:   36: * ================================================================ */
        -:   37:
    #####:   38:static inline void cache_cp_count(RtCoreStringSimd* s, int64_t count) {
    #####:   39:    if (!s) return;
    #####:   40:    if (count < 0 || (uint64_t)count > SIMD_CACHE_CPCOUNT_MASK) return;
    #####:   41:    uint32_t r = s->reserved;
    #####:   42:    r |= SIMD_CACHE_FLAG_CPCOUNT_VALID;
    #####:   43:    r = (r & ~SIMD_CACHE_CPCOUNT_MASK) | ((uint32_t)count & SIMD_CACHE_CPCOUNT_MASK);
    #####:   44:    s->reserved = r;
        -:   45:}
        -:   46:
    #####:   47:static inline int64_t cached_cp_count(const RtCoreStringSimd* s) {
    #####:   48:    if (!s) return -1;
    #####:   49:    if (!(s->reserved & SIMD_CACHE_FLAG_CPCOUNT_VALID)) return -1;
    #####:   50:    return (int64_t)(s->reserved & SIMD_CACHE_CPCOUNT_MASK);
        -:   51:}
        -:   52:
        -:   53:/* Check the reserved-field ASCII cache.
        -:   54: * Returns 1 if the string is known all-ASCII, 0 otherwise (unknown or not ASCII).
        -:   55: * Bit 31 (SIMD_CACHE_FLAG_IS_ASCII) is set when the string is confirmed all-ASCII. */
    #####:   56:static inline int rt_str_is_ascii_cached(const RtCoreStringSimd* s) {
    #####:   57:    if (!s) return 0;
    #####:   58:    return (s->reserved & SIMD_CACHE_FLAG_IS_ASCII) ? 1 : 0;
        -:   59:}
        -:   60:
        -:   61:/* ================================================================
        -:   62: * Scalar UTF-8 Codepoint Counting (fallback for non-SIMD platforms)
        -:   63: * ================================================================ */
        -:   64:
function scalar_utf8_count_codepoints called 0 returned 0% blocks executed 0%
    #####:   65:static int64_t scalar_utf8_count_codepoints(const uint8_t* data, uint64_t len) {
    #####:   66:    int64_t count = 0;
      32*:   67:    for (uint64_t i = 0; i < len; i++) {
branch  0 taken 29
branch  1 taken 3 (fallthrough)
branch  2 never executed
branch  3 never executed (fallthrough)
        -:   68:        /* Count bytes where (byte & 0xC0) != 0x80 — these are lead bytes */
      29*:   69:        if ((data[i] & 0xC0) != 0x80) {
branch  0 taken 23 (fallthrough)
branch  1 taken 6
branch  2 never executed (fallthrough)
branch  3 never executed
      23*:   70:            count++;
        -:   71:        }
        -:   72:    }
       3*:   73:    return count;
branch  0 taken 0 (fallthrough)
branch  1 taken 3
        -:   74:}
        -:   75:
        -:   76:/* ================================================================
        -:   77: * T2.1: SSE2 UTF-8 Codepoint Counting (Keiser-Lemire)
        -:   78: * ================================================================ */
        -:   79:
        -:   80:#if SIMD_HAS_SSE2
        -:   81:
        -:   82:__attribute__((target("sse2")))
function sse2_utf8_count_codepoints called 3 returned 100% blocks executed 100%
        3:   83:static int64_t sse2_utf8_count_codepoints(const uint8_t* data, uint64_t len) {
        3:   84:    int64_t count = 0;
        3:   85:    uint64_t i = 0;
        -:   86:
        -:   87:    /* Process 16-byte chunks */
        4:   88:    for (; i + 16 <= len; i += 16) {
branch  0 taken 1
branch  1 taken 3 (fallthrough)
        1:   89:        __m128i chunk = _mm_loadu_si128((const __m128i*)(data + i));
        -:   90:        /* Isolate top 2 bits of each byte */
        1:   91:        __m128i high_bits = _mm_and_si128(chunk, _mm_set1_epi8((int8_t)0xC0));
        -:   92:        /* Continuation bytes have top 2 bits == 10xxxxxx == 0x80 */
        1:   93:        __m128i is_cont = _mm_cmpeq_epi8(high_bits, _mm_set1_epi8((int8_t)0x80));
        -:   94:        /* is_cont = 0xFF for continuation bytes, 0x00 for lead/ASCII */
        1:   95:        int mask = _mm_movemask_epi8(is_cont);
        -:   96:        /* Lead bytes = 16 - number of continuation bytes */
        1:   97:        count += 16 - __builtin_popcount(mask);
        -:   98:    }
        -:   99:
        -:  100:    /* Scalar tail */
       16:  101:    for (; i < len; i++) {
branch  0 taken 13
branch  1 taken 3 (fallthrough)
       13:  102:        if ((data[i] & 0xC0) != 0x80) {
branch  0 taken 7 (fallthrough)
branch  1 taken 6
        7:  103:            count++;
        -:  104:        }
        -:  105:    }
        -:  106:
        3:  107:    return count;
        -:  108:}
        -:  109:
        -:  110:#endif /* SIMD_HAS_SSE2 */
        -:  111:
        -:  112:/* ================================================================
        -:  113: * T2.1: AVX2 UTF-8 Codepoint Counting (Keiser-Lemire)
        -:  114: * ================================================================ */
        -:  115:
        -:  116:#if SIMD_CAN_AVX2
        -:  117:
        -:  118:__attribute__((target("avx2")))
function avx2_utf8_count_codepoints called 3 returned 100% blocks executed 91%
        3:  119:static int64_t avx2_utf8_count_codepoints(const uint8_t* data, uint64_t len) {
        3:  120:    int64_t count = 0;
        3:  121:    uint64_t i = 0;
        -:  122:
        -:  123:    /* Process 32-byte chunks */
       3*:  124:    for (; i + 32 <= len; i += 32) {
branch  0 taken 0
branch  1 taken 3
    #####:  125:        __m256i chunk = _mm256_loadu_si256((const __m256i*)(data + i));
        -:  126:        /* Isolate top 2 bits of each byte */
    #####:  127:        __m256i high_bits = _mm256_and_si256(chunk, _mm256_set1_epi8((int8_t)0xC0));
        -:  128:        /* Continuation bytes have top 2 bits == 0x80 */
    #####:  129:        __m256i is_cont = _mm256_cmpeq_epi8(high_bits, _mm256_set1_epi8((int8_t)0x80));
    #####:  130:        int mask = _mm256_movemask_epi8(is_cont);
        -:  131:        /* Lead bytes = 32 - number of continuation bytes */
    #####:  132:        count += 32 - __builtin_popcount(mask);
        -:  133:    }
        -:  134:
        -:  135:    /* SSE2 middle: process remaining 16-byte chunk if present */
        4:  136:    for (; i + 16 <= len; i += 16) {
branch  0 taken 1
branch  1 taken 3 (fallthrough)
        1:  137:        __m128i chunk = _mm_loadu_si128((const __m128i*)(data + i));
        1:  138:        __m128i high_bits = _mm_and_si128(chunk, _mm_set1_epi8((int8_t)0xC0));
        1:  139:        __m128i is_cont = _mm_cmpeq_epi8(high_bits, _mm_set1_epi8((int8_t)0x80));
        1:  140:        int mask = _mm_movemask_epi8(is_cont);
        1:  141:        count += 16 - __builtin_popcount(mask);
        -:  142:    }
        -:  143:
        -:  144:    /* Scalar tail */
       16:  145:    for (; i < len; i++) {
branch  0 taken 13
branch  1 taken 3 (fallthrough)
       13:  146:        if ((data[i] & 0xC0) != 0x80) {
branch  0 taken 7 (fallthrough)
branch  1 taken 6
        7:  147:            count++;
        -:  148:        }
        -:  149:    }
        -:  150:
        3:  151:    return count;
        -:  152:}
        -:  153:
        -:  154:#endif /* SIMD_CAN_AVX2 */
        -:  155:
        -:  156:/* ================================================================
        -:  157: * T2.1: NEON UTF-8 Codepoint Counting (Keiser-Lemire)
        -:  158: * ================================================================ */
        -:  159:
        -:  160:#if SIMD_HAS_NEON && defined(__aarch64__)
        -:  161:
        -:  162:static int64_t neon_utf8_count_codepoints(const uint8_t* data, uint64_t len) {
        -:  163:    int64_t count = 0;
        -:  164:    uint64_t i = 0;
        -:  165:
        -:  166:    /* Process 16-byte chunks */
        -:  167:    for (; i + 16 <= len; i += 16) {
        -:  168:        uint8x16_t chunk = vld1q_u8(data + i);
        -:  169:        /* Isolate top 2 bits */
        -:  170:        uint8x16_t high_bits = vandq_u8(chunk, vdupq_n_u8(0xC0));
        -:  171:        /* Check for continuation bytes (top 2 bits == 0x80) */
        -:  172:        uint8x16_t is_cont = vceqq_u8(high_bits, vdupq_n_u8(0x80));
        -:  173:        /* Invert: 0xFF for lead bytes, 0x00 for continuation */
        -:  174:        uint8x16_t is_lead = vmvnq_u8(is_cont);
        -:  175:        /* Convert 0xFF to 1, then horizontal sum */
        -:  176:        uint8x16_t ones = vandq_u8(is_lead, vdupq_n_u8(1));
        -:  177:        count += vaddvq_u8(ones);
        -:  178:    }
        -:  179:
        -:  180:    /* Scalar tail */
        -:  181:    for (; i < len; i++) {
        -:  182:        if ((data[i] & 0xC0) != 0x80) {
        -:  183:            count++;
        -:  184:        }
        -:  185:    }
        -:  186:
        -:  187:    return count;
        -:  188:}
        -:  189:
        -:  190:#endif /* SIMD_HAS_NEON && __aarch64__ */
        -:  191:
        -:  192:/* ================================================================
        -:  193: * T2.2: Scalar UTF-8 Validation
        -:  194: * ================================================================ */
        -:  195:
function scalar_utf8_validate called 1478 returned 100% blocks executed 100%
     1478:  196:static int scalar_utf8_validate(const uint8_t* data, uint64_t len) {
     1478:  197:    uint64_t i = 0;
469768708:  198:    while (i < len) {
branch  0 taken 469767354
branch  1 taken 1354 (fallthrough)
469767354:  199:        uint8_t b = data[i];
469767354:  200:        uint64_t need;
469767354:  201:        uint32_t cp;
        -:  202:
469767354:  203:        if (b < 0x80) {
branch  0 taken 469767221 (fallthrough)
branch  1 taken 133
        -:  204:            /* ASCII — always valid */
469767221:  205:            i++;
469767221:  206:            continue;
      133:  207:        } else if ((b & 0xE0) == 0xC0) {
branch  0 taken 9 (fallthrough)
branch  1 taken 124
        9:  208:            need = 2; cp = b & 0x1F;
        -:  209:            /* Reject overlong: 0xC0, 0xC1 (cp < 2) */
        9:  210:            if (cp < 2) return 0;
branch  0 taken 6
branch  1 taken 3
      124:  211:        } else if ((b & 0xF0) == 0xE0) {
branch  0 taken 9 (fallthrough)
branch  1 taken 115
        9:  212:            need = 3; cp = b & 0x0F;
      115:  213:        } else if ((b & 0xF8) == 0xF0) {
branch  0 taken 9 (fallthrough)
branch  1 taken 106
        9:  214:            need = 4; cp = b & 0x07;
        -:  215:        } else {
        -:  216:            /* 0x80-0xBF as lead byte, or 0xF5+ */
        -:  217:            return 0;
        -:  218:        }
        -:  219:
       24:  220:        if (i + need > len) return 0; /* Truncated sequence */
branch  0 taken 18
branch  1 taken 6
        -:  221:
       57:  222:        for (uint64_t j = 1; j < need; j++) {
branch  0 taken 39
branch  1 taken 18 (fallthrough)
       39:  223:            if ((data[i + j] & 0xC0) != 0x80) return 0;
branch  0 taken 39 (fallthrough)
branch  1 taken 0
       39:  224:            cp = (cp << 6) | (data[i + j] & 0x3F);
        -:  225:        }
        -:  226:
        -:  227:        /* Overlong check */
       18:  228:        if (need == 3 && cp < 0x800) return 0;
branch  0 taken 15 (fallthrough)
branch  1 taken 3
       15:  229:        if (need == 4 && cp < 0x10000) return 0;
branch  0 taken 15 (fallthrough)
branch  1 taken 0
        -:  230:        /* Surrogate check */
       15:  231:        if (cp >= 0xD800 && cp <= 0xDFFF) return 0;
branch  0 taken 12 (fallthrough)
branch  1 taken 3
        -:  232:        /* Range check */
       12:  233:        if (cp > 0x10FFFF) return 0;
branch  0 taken 9 (fallthrough)
branch  1 taken 3
        -:  234:
        -:  235:        i += need;
        -:  236:    }
        -:  237:    return 1;
        -:  238:}
        -:  239:
        -:  240:/* ================================================================
        -:  241: * T2.2: Scalar UTF-8 Find-Invalid
        -:  242: * ================================================================ */
        -:  243:
function scalar_utf8_find_invalid called 183 returned 100% blocks executed 93%
      183:  244:static int64_t scalar_utf8_find_invalid(const uint8_t* data, uint64_t len) {
      183:  245:    uint64_t i = 0;
     3549:  246:    while (i < len) {
branch  0 taken 3540
branch  1 taken 9 (fallthrough)
     3540:  247:        uint8_t b = data[i];
     3540:  248:        uint64_t need;
     3540:  249:        uint32_t cp;
        -:  250:
     3540:  251:        if (b < 0x80) { i++; continue; }
branch  0 taken 3357 (fallthrough)
branch  1 taken 183
      183:  252:        else if ((b & 0xE0) == 0xC0) { need = 2; cp = b & 0x1F; if (cp < 2) return (int64_t)i; }
branch  0 taken 9 (fallthrough)
branch  1 taken 174
branch  2 taken 3 (fallthrough)
branch  3 taken 6
      174:  253:        else if ((b & 0xF0) == 0xE0) { need = 3; cp = b & 0x0F; }
branch  0 taken 9 (fallthrough)
branch  1 taken 165
      165:  254:        else if ((b & 0xF8) == 0xF0) { need = 4; cp = b & 0x07; }
branch  0 taken 9 (fallthrough)
branch  1 taken 156
      156:  255:        else return (int64_t)i;
        -:  256:
       24:  257:        if (i + need > len) return (int64_t)i;
branch  0 taken 6 (fallthrough)
branch  1 taken 18
       57:  258:        for (uint64_t j = 1; j < need; j++) {
branch  0 taken 39
branch  1 taken 18 (fallthrough)
      39*:  259:            if ((data[i + j] & 0xC0) != 0x80) return (int64_t)i;
branch  0 taken 0 (fallthrough)
branch  1 taken 39
       39:  260:            cp = (cp << 6) | (data[i + j] & 0x3F);
        -:  261:        }
       18:  262:        if (need == 3 && cp < 0x800) return (int64_t)i;
branch  0 taken 3 (fallthrough)
branch  1 taken 15
      15*:  263:        if (need == 4 && cp < 0x10000) return (int64_t)i;
branch  0 taken 0 (fallthrough)
branch  1 taken 15
       15:  264:        if (cp >= 0xD800 && cp <= 0xDFFF) return (int64_t)i;
branch  0 taken 3 (fallthrough)
branch  1 taken 12
       12:  265:        if (cp > 0x10FFFF) return (int64_t)i;
branch  0 taken 3 (fallthrough)
branch  1 taken 9
        -:  266:        i += need;
        -:  267:    }
        -:  268:    return -1;
        -:  269:}
        -:  270:
        -:  271:/* ================================================================
        -:  272: * T2.2: AVX2 UTF-8 Validation
        -:  273: *
        -:  274: * Strategy: SIMD-scan in 32-byte chunks. If a chunk is all-ASCII
        -:  275: * (no bytes >= 0x80), skip it entirely. Otherwise, fall back to
        -:  276: * scalar validation of the non-ASCII region. This gives real
        -:  277: * speedup on predominantly-ASCII text without the complexity
        -:  278: * of full simdjson lookup tables.
        -:  279: * ================================================================ */
        -:  280:
        -:  281:#if SIMD_CAN_AVX2
        -:  282:
        -:  283:/* Scalar validate a sub-range, handling multibyte sequences that
        -:  284: * might start before 'start' by backing up to the nearest lead byte. */
function avx2_validate_chunk_scalar called 51 returned 100% blocks executed 54%
       51:  285:static int avx2_validate_chunk_scalar(const uint8_t* data, uint64_t full_len,
        -:  286:                                      uint64_t start, uint64_t end) {
        -:  287:    /* Back up to the nearest lead byte before 'start' to avoid
        -:  288:     * splitting a multibyte sequence at the chunk boundary. */
       51:  289:    uint64_t pos = start;
       53:  290:    while (pos > 0 && (data[pos] & 0xC0) == 0x80) {
branch  0 taken 17 (fallthrough)
branch  1 taken 36
branch  2 taken 2
branch  3 taken 34
        2:  291:        pos--;
        -:  292:    }
        -:  293:    /* Validate from pos to end */
      941:  294:    while (pos < end && pos < full_len) {
branch  0 taken 941
branch  1 taken 0 (fallthrough)
      941:  295:        uint8_t b = data[pos];
      941:  296:        uint64_t need;
      941:  297:        uint32_t cp;
        -:  298:
      941:  299:        if (b < 0x80) { pos++; continue; }
branch  0 taken 890 (fallthrough)
branch  1 taken 51
      51*:  300:        else if ((b & 0xE0) == 0xC0) { need = 2; cp = b & 0x1F; if (cp < 2) return 0; }
branch  0 taken 0 (fallthrough)
branch  1 taken 51
branch  2 never executed
branch  3 never executed
      51*:  301:        else if ((b & 0xF0) == 0xE0) { need = 3; cp = b & 0x0F; }
branch  0 taken 0 (fallthrough)
branch  1 taken 51
      51*:  302:        else if ((b & 0xF8) == 0xF0) { need = 4; cp = b & 0x07; }
branch  0 taken 0 (fallthrough)
branch  1 taken 51
        -:  303:        else return 0;
        -:  304:
    #####:  305:        if (pos + need > full_len) return 0;
branch  0 never executed
branch  1 never executed
    #####:  306:        for (uint64_t j = 1; j < need; j++) {
branch  0 never executed
branch  1 never executed (fallthrough)
    #####:  307:            if ((data[pos + j] & 0xC0) != 0x80) return 0;
branch  0 never executed (fallthrough)
branch  1 never executed
    #####:  308:            cp = (cp << 6) | (data[pos + j] & 0x3F);
        -:  309:        }
    #####:  310:        if (need == 3 && cp < 0x800) return 0;
branch  0 never executed (fallthrough)
branch  1 never executed
    #####:  311:        if (need == 4 && cp < 0x10000) return 0;
branch  0 never executed (fallthrough)
branch  1 never executed
    #####:  312:        if (cp >= 0xD800 && cp <= 0xDFFF) return 0;
branch  0 never executed (fallthrough)
branch  1 never executed
    #####:  313:        if (cp > 0x10FFFF) return 0;
branch  0 never executed (fallthrough)
branch  1 never executed
        -:  314:        pos += need;
        -:  315:    }
        -:  316:    return 1;
        -:  317:}
        -:  318:
        -:  319:__attribute__((target("avx2")))
function avx2_utf8_validate called 511 returned 100% blocks executed 100%
      511:  320:static int avx2_utf8_validate(const uint8_t* data, uint64_t len) {
      511:  321:    uint64_t i = 0;
        -:  322:
        -:  323:    /* Process 32-byte chunks — fast-skip all-ASCII chunks */
 14680611:  324:    for (; i + 32 <= len; i += 32) {
branch  0 taken 14680151
branch  1 taken 460 (fallthrough)
 14680151:  325:        __m256i chunk = _mm256_loadu_si256((const __m256i*)(data + i));
branch  0 taken 51 (fallthrough)
branch  1 taken 14680100
        -:  326:        /* Check if any byte has the high bit set (non-ASCII) */
 14680151:  327:        int mask = _mm256_movemask_epi8(chunk);
branch  0 taken 51 (fallthrough)
branch  1 taken 14680100
 14680151:  328:        if (mask != 0) {
branch  0 taken 51 (fallthrough)
branch  1 taken 14680100
        -:  329:            /* Non-ASCII chunk — validate with scalar.
        -:  330:             * Extend to cover any multibyte sequence that spans
        -:  331:             * into the next chunk (up to 3 extra bytes). */
       51:  332:            uint64_t end = i + 32;
       51:  333:            if (end + 3 <= len) end += 3;
        -:  334:            else end = len;
       51:  335:            if (!avx2_validate_chunk_scalar(data, len, i, end)) return 0;
call    0 returned 51
branch  1 taken 0 (fallthrough)
branch  2 taken 51
        -:  336:            /* Advance past the validated region. We need to find
        -:  337:             * where the scalar validator left off. Re-scan from
        -:  338:             * end of the validated region, but we can skip to the
        -:  339:             * next 32-byte boundary minus 3 (to handle overlap). */
        -:  340:        }
        -:  341:    }
        -:  342:
        -:  343:    /* Scalar tail: validate everything from the last aligned position */
        -:  344:    /* We re-validate from the last chunk boundary to handle any
        -:  345:     * multibyte sequences that might span chunk boundaries. */
      460:  346:    uint64_t tail_start = (i > 3) ? i - 3 : 0;
      460:  347:    return scalar_utf8_validate(data + tail_start, len - tail_start);
call    0 returned 460
        -:  348:}
        -:  349:
        -:  350:__attribute__((target("avx2")))
function avx2_utf8_find_invalid called 61 returned 100% blocks executed 100%
       61:  351:static int64_t avx2_utf8_find_invalid(const uint8_t* data, uint64_t len) {
       61:  352:    uint64_t i = 0;
        -:  353:
        -:  354:    /* Fast-skip all-ASCII 32-byte chunks */
       97:  355:    for (; i + 32 <= len; i += 32) {
branch  0 taken 87
branch  1 taken 10 (fallthrough)
       87:  356:        __m256i chunk = _mm256_loadu_si256((const __m256i*)(data + i));
branch  0 taken 51 (fallthrough)
branch  1 taken 36
       87:  357:        int mask = _mm256_movemask_epi8(chunk);
branch  0 taken 51 (fallthrough)
branch  1 taken 36
       87:  358:        if (mask != 0) {
branch  0 taken 51 (fallthrough)
branch  1 taken 36
        -:  359:            /* Non-ASCII chunk — fall back to scalar for this region */
        -:  360:            uint64_t back = i;
       53:  361:            while (back > 0 && (data[back] & 0xC0) == 0x80) back--;
branch  0 taken 36 (fallthrough)
branch  1 taken 17
branch  2 taken 2
branch  3 taken 34 (fallthrough)
       51:  362:            int64_t result = scalar_utf8_find_invalid(data + back, len - back);
call    0 returned 51
       51:  363:            if (result >= 0) return result + (int64_t)back;
branch  0 taken 51 (fallthrough)
branch  1 taken 0
        -:  364:            return -1;
        -:  365:        }
        -:  366:    }
        -:  367:
        -:  368:    /* Scalar tail */
       10:  369:    uint64_t tail_start = (i > 3) ? i - 3 : 0;
       10:  370:    int64_t result = scalar_utf8_find_invalid(data + tail_start, len - tail_start);
call    0 returned 10
       10:  371:    if (result >= 0) return result + (int64_t)tail_start;
branch  0 taken 3
branch  1 taken 7 (fallthrough)
        -:  372:    return -1;
        -:  373:}
        -:  374:
        -:  375:#endif /* SIMD_CAN_AVX2 */
        -:  376:
        -:  377:/* ================================================================
        -:  378: * T2.2: SSE2 UTF-8 Validation
        -:  379: *
        -:  380: * SSE2 lacks pshufb (SSSE3+), so we use the same ASCII-fast-skip
        -:  381: * strategy as AVX2 but with 16-byte chunks.
        -:  382: * ================================================================ */
        -:  383:
        -:  384:#if SIMD_HAS_SSE2
        -:  385:
        -:  386:__attribute__((target("sse2")))
function sse2_utf8_validate called 509 returned 100% blocks executed 100%
      509:  387:static int sse2_utf8_validate(const uint8_t* data, uint64_t len) {
      509:  388:    uint64_t i = 0;
        -:  389:
        -:  390:    /* Process 16-byte chunks — fast-skip all-ASCII chunks */
 29360742:  391:    for (; i + 16 <= len; i += 16) {
branch  0 taken 29360284
branch  1 taken 458 (fallthrough)
 29360284:  392:        __m128i chunk = _mm_loadu_si128((const __m128i*)(data + i));
branch  0 taken 51 (fallthrough)
branch  1 taken 29360233
        -:  393:        /* Check if any byte has the high bit set (non-ASCII) */
 29360284:  394:        int mask = _mm_movemask_epi8(chunk);
branch  0 taken 51 (fallthrough)
branch  1 taken 29360233
 29360284:  395:        if (mask != 0) {
branch  0 taken 51 (fallthrough)
branch  1 taken 29360233
        -:  396:            /* Non-ASCII — fall back to scalar for remainder */
        -:  397:            uint64_t back = i;
       55:  398:            while (back > 0 && (data[back] & 0xC0) == 0x80) back--;
branch  0 taken 54 (fallthrough)
branch  1 taken 1
branch  2 taken 4
branch  3 taken 50 (fallthrough)
       51:  399:            return scalar_utf8_validate(data + back, len - back);
call    0 returned 51
        -:  400:        }
        -:  401:    }
        -:  402:
        -:  403:    /* Scalar tail */
      458:  404:    uint64_t tail_start = (i > 3) ? i - 3 : 0;
      458:  405:    return scalar_utf8_validate(data + tail_start, len - tail_start);
call    0 returned 458
        -:  406:}
        -:  407:
        -:  408:__attribute__((target("sse2")))
function sse2_utf8_find_invalid called 61 returned 100% blocks executed 100%
       61:  409:static int64_t sse2_utf8_find_invalid(const uint8_t* data, uint64_t len) {
       61:  410:    uint64_t i = 0;
        -:  411:
        -:  412:    /* Fast-skip all-ASCII 16-byte chunks */
      166:  413:    for (; i + 16 <= len; i += 16) {
branch  0 taken 156
branch  1 taken 10 (fallthrough)
      156:  414:        __m128i chunk = _mm_loadu_si128((const __m128i*)(data + i));
branch  0 taken 51 (fallthrough)
branch  1 taken 105
      156:  415:        int mask = _mm_movemask_epi8(chunk);
branch  0 taken 51 (fallthrough)
branch  1 taken 105
      156:  416:        if (mask != 0) {
branch  0 taken 51 (fallthrough)
branch  1 taken 105
        -:  417:            /* Non-ASCII — fall back to scalar */
        -:  418:            uint64_t back = i;
       55:  419:            while (back > 0 && (data[back] & 0xC0) == 0x80) back--;
branch  0 taken 54 (fallthrough)
branch  1 taken 1
branch  2 taken 4
branch  3 taken 50 (fallthrough)
       51:  420:            int64_t result = scalar_utf8_find_invalid(data + back, len - back);
call    0 returned 51
       51:  421:            if (result >= 0) return result + (int64_t)back;
branch  0 taken 51 (fallthrough)
branch  1 taken 0
        -:  422:            return -1;
        -:  423:        }
        -:  424:    }
        -:  425:
        -:  426:    /* Scalar tail */
       10:  427:    uint64_t tail_start = (i > 3) ? i - 3 : 0;
       10:  428:    int64_t result = scalar_utf8_find_invalid(data + tail_start, len - tail_start);
call    0 returned 10
       10:  429:    if (result >= 0) return result + (int64_t)tail_start;
branch  0 taken 3
branch  1 taken 7 (fallthrough)
        -:  430:    return -1;
        -:  431:}
        -:  432:
        -:  433:#endif /* SIMD_HAS_SSE2 */
        -:  434:
        -:  435:/* ================================================================
        -:  436: * T2.2: NEON UTF-8 Validation (aarch64)
        -:  437: *
        -:  438: * Same ASCII-fast-skip strategy with 16-byte chunks.
        -:  439: * ================================================================ */
        -:  440:
        -:  441:#if SIMD_HAS_NEON && defined(__aarch64__)
        -:  442:
        -:  443:static int neon_utf8_validate(const uint8_t* data, uint64_t len) {
        -:  444:    uint64_t i = 0;
        -:  445:
        -:  446:    /* Process 16-byte chunks — fast-skip all-ASCII chunks */
        -:  447:    for (; i + 16 <= len; i += 16) {
        -:  448:        uint8x16_t chunk = vld1q_u8(data + i);
        -:  449:        /* Check if any byte >= 0x80 using unsigned max reduction */
        -:  450:        uint8_t max_val = vmaxvq_u8(chunk);
        -:  451:        if (max_val >= 0x80) {
        -:  452:            /* Non-ASCII — fall back to scalar for remainder */
        -:  453:            uint64_t back = i;
        -:  454:            while (back > 0 && (data[back] & 0xC0) == 0x80) back--;
        -:  455:            return scalar_utf8_validate(data + back, len - back);
        -:  456:        }
        -:  457:    }
        -:  458:
        -:  459:    /* Scalar tail */
        -:  460:    uint64_t tail_start = (i > 3) ? i - 3 : 0;
        -:  461:    return scalar_utf8_validate(data + tail_start, len - tail_start);
        -:  462:}
        -:  463:
        -:  464:static int64_t neon_utf8_find_invalid(const uint8_t* data, uint64_t len) {
        -:  465:    uint64_t i = 0;
        -:  466:
        -:  467:    /* Fast-skip all-ASCII 16-byte chunks */
        -:  468:    for (; i + 16 <= len; i += 16) {
        -:  469:        uint8x16_t chunk = vld1q_u8(data + i);
        -:  470:        uint8_t max_val = vmaxvq_u8(chunk);
        -:  471:        if (max_val >= 0x80) {
        -:  472:            uint64_t back = i;
        -:  473:            while (back > 0 && (data[back] & 0xC0) == 0x80) back--;
        -:  474:            int64_t result = scalar_utf8_find_invalid(data + back, len - back);
        -:  475:            if (result >= 0) return result + (int64_t)back;
        -:  476:            return -1;
        -:  477:        }
        -:  478:    }
        -:  479:
        -:  480:    /* Scalar tail */
        -:  481:    uint64_t tail_start = (i > 3) ? i - 3 : 0;
        -:  482:    int64_t result = scalar_utf8_find_invalid(data + tail_start, len - tail_start);
        -:  483:    if (result >= 0) return result + (int64_t)tail_start;
        -:  484:    return -1;
        -:  485:}
        -:  486:
        -:  487:#endif /* SIMD_HAS_NEON && __aarch64__ */
        -:  488:
        -:  489:/* ================================================================
        -:  490: * Global Dispatch Table + Scalar Fallbacks for non-UTF8 operations
        -:  491: *
        -:  492: * These live here so runtime_simd_dispatch.h stays header-only.
        -:  493: * Each SIMD TU (search, case) upgrades its own slots lazily.
        -:  494: * ================================================================ */
        -:  495:
        -:  496:SimdTextDispatch g_simd_text = {0};
        -:  497:
function scalar_memmem_portable called 0 returned 0% blocks executed 0%
    #####:  498:static const void* scalar_memmem_portable(const void* haystack, size_t hlen,
        -:  499:                                          const void* needle, size_t nlen) {
    #####:  500:    const uint8_t* h = (const uint8_t*)haystack;
    #####:  501:    const uint8_t* n = (const uint8_t*)needle;
    #####:  502:    if (nlen == 0) return haystack;
branch  0 never executed (fallthrough)
branch  1 never executed
    #####:  503:    if (nlen > hlen) return NULL;
branch  0 never executed
branch  1 never executed
    #####:  504:    for (size_t i = 0; i <= hlen - nlen; i++) {
branch  0 never executed
branch  1 never executed (fallthrough)
    #####:  505:        if (h[i] == n[0] && memcmp(h + i, n, nlen) == 0) {
branch  0 never executed (fallthrough)
branch  1 never executed
branch  2 never executed (fallthrough)
branch  3 never executed
    #####:  506:            return h + i;
        -:  507:        }
        -:  508:    }
        -:  509:    return NULL;
        -:  510:}
        -:  511:
        -:  512:/* Scalar fallbacks for search/case (used as initial defaults) */
function scalar_str_search_default called 0 returned 0% blocks executed 0%
    #####:  513:static int64_t scalar_str_search_default(const uint8_t* haystack, uint64_t hlen,
        -:  514:                                         const uint8_t* needle, uint64_t nlen) {
    #####:  515:    if (nlen == 0) return 0;
branch  0 never executed (fallthrough)
branch  1 never executed
    #####:  516:    if (nlen > hlen) return -1;
branch  0 never executed (fallthrough)
branch  1 never executed
    #####:  517:    const void* result = scalar_memmem_portable(haystack, (size_t)hlen, needle, (size_t)nlen);
    #####:  518:    if (!result) return -1;
branch  0 never executed (fallthrough)
branch  1 never executed
    #####:  519:    return (int64_t)((const uint8_t*)result - haystack);
        -:  520:}
        -:  521:
function scalar_is_ascii_default called 0 returned 0% blocks executed 0%
    #####:  522:static int scalar_is_ascii_default(const uint8_t* data, uint64_t len) {
    #####:  523:    for (uint64_t i = 0; i < len; i++) {
branch  0 never executed
branch  1 never executed (fallthrough)
    #####:  524:        if (data[i] >= 0x80) return 0;
branch  0 never executed (fallthrough)
branch  1 never executed
        -:  525:    }
        -:  526:    return 1;
        -:  527:}
        -:  528:
function scalar_to_upper_default called 0 returned 0% blocks executed 0%
    #####:  529:static void scalar_to_upper_default(const uint8_t* src, uint8_t* dst, uint64_t len) {
    #####:  530:    for (uint64_t i = 0; i < len; i++) {
branch  0 never executed
branch  1 never executed (fallthrough)
    #####:  531:        dst[i] = (uint8_t)toupper(src[i]);
        -:  532:    }
    #####:  533:}
        -:  534:
function scalar_to_lower_default called 0 returned 0% blocks executed 0%
    #####:  535:static void scalar_to_lower_default(const uint8_t* src, uint8_t* dst, uint64_t len) {
    #####:  536:    for (uint64_t i = 0; i < len; i++) {
branch  0 never executed
branch  1 never executed (fallthrough)
    #####:  537:        dst[i] = (uint8_t)tolower(src[i]);
        -:  538:    }
    #####:  539:}
        -:  540:
function scalar_str_equal_default called 0 returned 0% blocks executed 0%
    #####:  541:static int scalar_str_equal_default(const uint8_t* a, uint64_t alen,
        -:  542:                                    const uint8_t* b, uint64_t blen) {
    #####:  543:    if (alen != blen) return 0;
branch  0 never executed (fallthrough)
branch  1 never executed
    #####:  544:    return memcmp(a, b, alen) == 0 ? 1 : 0;
        -:  545:}
        -:  546:
        -:  547:/* Forward declaration */
        -:  548:static void simd_utf8_init_slots(void);
        -:  549:
function simd_text_init called 1 returned 100% blocks executed 100%
        1:  550:void simd_text_init(void) {
        1:  551:    static int initialized = 0;
        1:  552:    if (initialized) return;
branch  0 taken 1 (fallthrough)
branch  1 taken 0
        1:  553:    initialized = 1;
        -:  554:
        -:  555:    /* Start with scalar defaults for all slots */
        1:  556:    g_simd_text.utf8_count_codepoints = scalar_utf8_count_codepoints;
        1:  557:    g_simd_text.utf8_validate         = scalar_utf8_validate;
        1:  558:    g_simd_text.utf8_find_invalid     = scalar_utf8_find_invalid;
        1:  559:    g_simd_text.str_search            = scalar_str_search_default;
        1:  560:    g_simd_text.is_ascii              = scalar_is_ascii_default;
        1:  561:    g_simd_text.to_upper_ascii        = scalar_to_upper_default;
        1:  562:    g_simd_text.to_lower_ascii        = scalar_to_lower_default;
        1:  563:    g_simd_text.str_equal             = scalar_str_equal_default;
        -:  564:
        -:  565:    /* Upgrade UTF-8 slots to best available SIMD */
        1:  566:    simd_utf8_init_slots();
call    0 returned 1
        -:  567:
        -:  568:    /* Note: search and case TUs upgrade their own slots lazily */
        -:  569:}
        -:  570:
       2*:  571:static inline void simd_text_ensure_init(void) {
       2*:  572:    if (!g_simd_text.utf8_count_codepoints) {
       1*:  573:        simd_text_init();
call    0 returned 1
call    1 never executed
call    2 never executed
call    3 never executed
        -:  574:    }
        -:  575:}
        -:  576:
        -:  577:/* ================================================================
        -:  578: * UTF-8 SIMD slot upgrading (called from simd_text_init)
        -:  579: * ================================================================ */
        -:  580:
function simd_utf8_init_slots called 1 returned 100% blocks executed 80%
        1:  581:static void simd_utf8_init_slots(void) {
        -:  582:    /* --- Codepoint counting --- */
        -:  583:#if SIMD_CAN_AVX2
        1:  584:    if (simd_detect_avx2()) {
call    0 returned 1
branch  1 taken 1 (fallthrough)
branch  2 taken 0
        1:  585:        g_simd_text.utf8_count_codepoints = avx2_utf8_count_codepoints;
        1:  586:        g_simd_text.utf8_validate         = avx2_utf8_validate;
        1:  587:        g_simd_text.utf8_find_invalid     = avx2_utf8_find_invalid;
        -:  588:    }
        -:  589:#if SIMD_HAS_SSE2
        -:  590:    else {
        -:  591:        /* SSE2 is guaranteed on x86_64, use it when AVX2 is absent */
    #####:  592:        g_simd_text.utf8_count_codepoints = sse2_utf8_count_codepoints;
    #####:  593:        g_simd_text.utf8_validate         = sse2_utf8_validate;
    #####:  594:        g_simd_text.utf8_find_invalid     = sse2_utf8_find_invalid;
        -:  595:    }
        -:  596:#endif
        -:  597:#elif SIMD_HAS_NEON && defined(__aarch64__)
        -:  598:    g_simd_text.utf8_count_codepoints = neon_utf8_count_codepoints;
        -:  599:    g_simd_text.utf8_validate         = neon_utf8_validate;
        -:  600:    g_simd_text.utf8_find_invalid     = neon_utf8_find_invalid;
        -:  601:#endif
        -:  602:    /* If none matched, scalar defaults from simd_text_init() remain */
        1:  603:}
        -:  604:
        -:  605:/* ================================================================
        -:  606: * rt_* Public API
        -:  607: * ================================================================ */
        -:  608:
        -:  609:/*
        -:  610: * rt_text_count_codepoints_cached(tagged_string) -> int64_t
        -:  611: *
        -:  612: * Checks the reserved-field cache first; falls back to dispatch table.
        -:  613: * Caches the result in reserved for subsequent calls.
        -:  614: */
function rt_text_count_codepoints_cached called 0 returned 0% blocks executed 0%
    #####:  615:int64_t rt_text_count_codepoints_cached(int64_t value) {
    #####:  616:    simd_text_ensure_init();
branch  0 never executed (fallthrough)
branch  1 never executed
    #####:  617:    RtCoreStringSimd* s = simd_as_string(value);
branch  0 never executed (fallthrough)
branch  1 never executed
    #####:  618:    if (!s) return 0;
        -:  619:
        -:  620:    /* Check cache */
    #####:  621:    int64_t cached = cached_cp_count(s);
branch  0 never executed (fallthrough)
branch  1 never executed
    #####:  622:    if (cached >= 0) return cached;
        -:  623:
        -:  624:    /* Dispatch to best available implementation */
    #####:  625:    int64_t count = g_simd_text.utf8_count_codepoints(
    #####:  626:        (const uint8_t*)s->data, s->len);
call    0 never executed
        -:  627:
        -:  628:    /* Cache the result */
    #####:  629:    cache_cp_count(s, count);
branch  0 never executed (fallthrough)
branch  1 never executed
        -:  630:    return count;
        -:  631:}
        -:  632:
function rt_text_count_codepoints called 0 returned 0% blocks executed 0%
    #####:  633:int64_t rt_text_count_codepoints(int64_t value) {
    #####:  634:    return rt_text_count_codepoints_cached(value);
call    0 never executed
        -:  635:}
        -:  636:
        -:  637:/*
        -:  638: * rt_text_validate_utf8(tagged_string) -> int64_t (1=valid, 0=invalid)
        -:  639: *
        -:  640: * Fast path: if ASCII cache says all-ASCII, return valid immediately.
        -:  641: */
function rt_text_validate_utf8 called 0 returned 0% blocks executed 0%
    #####:  642:int64_t rt_text_validate_utf8(int64_t value) {
    #####:  643:    simd_text_ensure_init();
branch  0 never executed (fallthrough)
branch  1 never executed
    #####:  644:    RtCoreStringSimd* s = simd_as_string(value);
branch  0 never executed (fallthrough)
branch  1 never executed
    #####:  645:    if (!s) return 1; /* nil/non-string: vacuously valid */
        -:  646:
        -:  647:    /* Fast path: all-ASCII is always valid UTF-8 */
    #####:  648:    if (rt_str_is_ascii_cached(s)) return 1;
branch  0 never executed (fallthrough)
branch  1 never executed
        -:  649:
    #####:  650:    return (int64_t)g_simd_text.utf8_validate(
    #####:  651:        (const uint8_t*)s->data, s->len);
call    0 never executed
        -:  652:}
        -:  653:
        -:  654:/*
        -:  655: * rt_text_find_invalid_utf8(tagged_string) -> int64_t
        -:  656: *   Returns byte offset of first invalid byte, or -1 if valid.
        -:  657: */
function rt_text_find_invalid_utf8 called 0 returned 0% blocks executed 0%
    #####:  658:int64_t rt_text_find_invalid_utf8(int64_t value) {
    #####:  659:    simd_text_ensure_init();
branch  0 never executed (fallthrough)
branch  1 never executed
    #####:  660:    RtCoreStringSimd* s = simd_as_string(value);
branch  0 never executed (fallthrough)
branch  1 never executed
    #####:  661:    if (!s) return -1;
        -:  662:
        -:  663:    /* Fast path: all-ASCII is always valid UTF-8 */
    #####:  664:    if (rt_str_is_ascii_cached(s)) return -1;
branch  0 never executed (fallthrough)
branch  1 never executed
        -:  665:
    #####:  666:    return g_simd_text.utf8_find_invalid(
    #####:  667:        (const uint8_t*)s->data, s->len);
call    0 never executed
        -:  668:}
        -:  669:
        -:  670:/*
        -:  671: * rt_text_validate_utf8_bytes(data, len) -> int64_t (1=valid, 0=invalid)
        -:  672: *
        -:  673: * Raw-buffer entry point for the same validator `rt_text_validate_utf8` uses.
        -:  674: * The tagged-value form cannot be applied to a slice RANGE of a string that
        -:  675: * has not been materialised yet, which is exactly what the slice audit below
        -:  676: * needs to check.
        -:  677: */
function rt_text_validate_utf8_bytes called 3 returned 100% blocks executed 100%
        3:  678:int64_t rt_text_validate_utf8_bytes(const uint8_t* data, uint64_t len) {
        3:  679:    if (!data || len == 0) return 1;
branch  0 taken 2 (fallthrough)
branch  1 taken 1
        2:  680:    simd_text_ensure_init();
branch  0 taken 1 (fallthrough)
branch  1 taken 1
        2:  681:    return (int64_t)g_simd_text.utf8_validate(data, len);
call    0 returned 2
        -:  682:}
        -:  683:
        -:  684:/* ================================================================
        -:  685: * UTF-8 slice-boundary audit — COUNTING MODE (stage 1)
        -:  686: *
        -:  687: * Bug: text slicing splits UTF-8 mid-codepoint and stores the invalid bytes
        -:  688: * with no validation. Several independent slice implementations disagree
        -:  689: * about what happens (raw / lossy / clamped) and stdout's sanitizer renders
        -:  690: * every one of them identically, so the defect is invisible in printed
        -:  691: * output -- only the bytes show it.
        -:  692: *
        -:  693: * Every C slice implementation reports the range it is about to return here.
        -:  694: * NOTHING FAILS: this records and (level-gated) logs. The hard error is
        -:  695: * stage 4 and is enabled only once the measured blast radius over a real
        -:  696: * workload is zero or a justified residual.
        -:  697: *
        -:  698: * Gate -- DEFAULT OFF -- environment `SIMPLE_UTF8_SLICE_AUDIT`:
        -:  699: *   unset / "0"  disabled; one relaxed load per slice, no validation
        -:  700: *   "1"          count violations, log the FIRST occurrence per site
        -:  701: *   "2"          count violations, log EVERY occurrence
        -:  702: *
        -:  703: * A violation is recorded only when the SOURCE bytes were valid UTF-8 and
        -:  704: * the returned bytes are not, so the count measures what slicing causes
        -:  705: * rather than inheriting unrelated corruption.
        -:  706: * ================================================================ */
        -:  707:
        -:  708:static int g_slice_audit_level = -1; /* -1 = not yet read from environment */
        -:  709:static int64_t g_slice_audit_violations = 0;
        -:  710:static int g_slice_audit_seen[8];
        -:  711:
function rt_text_slice_audit_level called 0 returned 0% blocks executed 0%
    #####:  712:int64_t rt_text_slice_audit_level(void) {
    #####:  713:    if (g_slice_audit_level < 0) {
branch  0 never executed (fallthrough)
branch  1 never executed
    #####:  714:        const char* raw = getenv("SIMPLE_UTF8_SLICE_AUDIT");
call    0 never executed
    #####:  715:        if (raw && raw[0] == '1' && raw[1] == '\0') g_slice_audit_level = 1;
branch  0 never executed (fallthrough)
branch  1 never executed
branch  2 never executed (fallthrough)
branch  3 never executed
branch  4 never executed (fallthrough)
branch  5 never executed
    #####:  716:        else if (raw && raw[0] == '2' && raw[1] == '\0') g_slice_audit_level = 2;
branch  0 never executed (fallthrough)
branch  1 never executed
branch  2 never executed (fallthrough)
branch  3 never executed
    #####:  717:        else g_slice_audit_level = 0;
        -:  718:    }
    #####:  719:    return g_slice_audit_level;
        -:  720:}
        -:  721:
function rt_text_slice_audit_violations called 0 returned 0% blocks executed 0%
    #####:  722:int64_t rt_text_slice_audit_violations(void) {
    #####:  723:    return g_slice_audit_violations;
        -:  724:}
        -:  725:
        -:  726:/*
        -:  727: * Returns 1 when this slice created invalid UTF-8. Callers MUST NOT change
        -:  728: * behaviour on the result while the rollout is in counting mode -- the return
        -:  729: * value exists so stage 4 can flip to an error at exactly these call sites.
        -:  730: */
function rt_text_slice_audit_note called 0 returned 0% blocks executed 0%
    #####:  731:int64_t rt_text_slice_audit_note(int site_id,
        -:  732:                                 const char* site_name,
        -:  733:                                 int64_t start,
        -:  734:                                 int64_t end,
        -:  735:                                 const uint8_t* src,
        -:  736:                                 uint64_t src_len,
        -:  737:                                 const uint8_t* out,
        -:  738:                                 uint64_t out_len) {
    #####:  739:    if (rt_text_slice_audit_level() == 0) return 0;
call    0 never executed
branch  1 never executed (fallthrough)
branch  2 never executed
    #####:  740:    if (rt_text_validate_utf8_bytes(out, out_len)) return 0;
call    0 never executed
branch  1 never executed
branch  2 never executed (fallthrough)
    #####:  741:    if (!rt_text_validate_utf8_bytes(src, src_len)) return 0;
call    0 never executed
branch  1 never executed
branch  2 never executed (fallthrough)
        -:  742:
    #####:  743:    g_slice_audit_violations++;
        -:  744:
    #####:  745:    int idx = site_id & 7;
    #####:  746:    int first_for_site = (g_slice_audit_seen[idx] == 0);
    #####:  747:    g_slice_audit_seen[idx] = 1;
    #####:  748:    if (g_slice_audit_level >= 2 || first_for_site) {
branch  0 never executed (fallthrough)
branch  1 never executed
branch  2 never executed (fallthrough)
branch  3 never executed
    #####:  749:        fprintf(stderr,
branch  0 never executed (fallthrough)
branch  1 never executed
call    2 never executed
        -:  750:                "SIMPLE_UTF8_SLICE_AUDIT site=%s start=%lld end=%lld srclen=%llu outlen=%llu\n",
        -:  751:                site_name ? site_name : "unknown",
        -:  752:                (long long)start, (long long)end,
        -:  753:                (unsigned long long)src_len, (unsigned long long)out_len);
        -:  754:    }
        -:  755:    return 1;
        -:  756:}
        -:  757:
        -:  758:/*
        -:  759: * rt_text_slice_audit_note_range(src, src_len, begin, finish)
        -:  760: *
        -:  761: * Range form for callers that have not materialised the output string yet --
        -:  762: * notably the pure-Simple `rt_slice` in src/runtime/simple_core/core_string.spl,
        -:  763: * which cannot build a C site-name pointer from its baremetal tier. When this
        -:  764: * object is not linked in, the Simple side's extern resolves to a stub that
        -:  765: * returns 0 and the audit is simply inactive (fail-closed OFF).
        -:  766: */
function rt_text_slice_audit_note_range called 0 returned 0% blocks executed 0%
    #####:  767:int64_t rt_text_slice_audit_note_range(int64_t src, int64_t src_len,
        -:  768:                                       int64_t begin, int64_t finish) {
    #####:  769:    if (rt_text_slice_audit_level() == 0) return 0;
call    0 never executed
branch  1 never executed (fallthrough)
branch  2 never executed
    #####:  770:    if (src == 0 || begin < 0 || finish < begin || finish > src_len) return 0;
branch  0 never executed (fallthrough)
branch  1 never executed
branch  2 never executed (fallthrough)
branch  3 never executed
    #####:  771:    const uint8_t* data = (const uint8_t*)(uintptr_t)src;
    #####:  772:    return rt_text_slice_audit_note(RT_TEXT_SLICE_SITE_RT_SLICE_SIMPLE, "rt_slice_simple",
        -:  773:                                    begin, finish,
        -:  774:                                    data, (uint64_t)src_len,
    #####:  775:                                    data + begin, (uint64_t)(finish - begin));
call    0 never executed
        -:  776:}
        -:  777:
        -:  778:/*
        -:  779: * Force a synthetic violation. Used to prove the counter is LIVE in the same
        -:  780: * process as a measurement run: a count of zero from an inert check is
        -:  781: * indistinguishable from a real zero. Honours the gate like any other site.
        -:  782: */
function rt_text_slice_audit_self_test called 0 returned 0% blocks executed 0%
    #####:  783:int64_t rt_text_slice_audit_self_test(void) {
    #####:  784:    static const uint8_t src[2] = { 0xC3, 0xA9 }; /* "é" */
    #####:  785:    return rt_text_slice_audit_note(RT_TEXT_SLICE_SITE_SELF_TEST, "self_test",
call    0 never executed
        -:  786:                                    0, 1, src, 2, src, 1);
        -:  787:}
