        -:    0:Source:test/01_unit/runtime/simd_text/runtime_simd_utf8_native_test.c
        -:    0:Graph:build/test/runtime_simd_utf8_native_cycle3/runtime_simd_utf8_native_test.gcno
        -:    0:Data:build/test/runtime_simd_utf8_native_cycle3/runtime_simd_utf8_native_test.gcda
        -:    0:Runs:1
        -:    1:/* Forced-backend correctness and performance evidence for runtime_simd_utf8.c. */
        -:    2:#define _POSIX_C_SOURCE 200809L
        -:    3:#include <assert.h>
        -:    4:#include <inttypes.h>
        -:    5:#include <stdio.h>
        -:    6:#include <string.h>
        -:    7:#include <time.h>
        -:    8:#include <sys/resource.h>
        -:    9:
        -:   10:/* Static kernels intentionally remain visible to this test translation unit. */
        -:   11:#include "../../../../src/runtime/runtime_simd_utf8.c"
        -:   12:
function now_ns called 42 returned 100% blocks executed 75%
       42:   13:static uint64_t now_ns(void) {
       42:   14:    struct timespec ts;
      42*:   15:    assert(clock_gettime(CLOCK_MONOTONIC, &ts) == 0);
call    0 returned 42
branch  1 taken 0 (fallthrough)
branch  2 taken 42
call    3 never executed
       42:   16:    return (uint64_t)ts.tv_sec * UINT64_C(1000000000) + (uint64_t)ts.tv_nsec;
        -:   17:}
        -:   18:
function check_one called 61 returned 100% blocks executed 68%
       61:   19:static void check_one(const uint8_t *data, uint64_t len, int valid,
        -:   20:                      int64_t invalid, int64_t count) {
      61*:   21:    assert(scalar_utf8_validate(data, len) == valid);
call    0 returned 61
branch  1 taken 0 (fallthrough)
branch  2 taken 61
call    3 never executed
      61*:   22:    assert(scalar_utf8_find_invalid(data, len) == invalid);
call    0 returned 61
branch  1 taken 0 (fallthrough)
branch  2 taken 61
call    3 never executed
      64*:   23:    if (valid) assert(scalar_utf8_count_codepoints(data, len) == count);
branch  0 taken 3
branch  1 taken 58
branch  2 taken 0 (fallthrough)
branch  3 taken 3
call    4 never executed
        -:   24:#if SIMD_HAS_SSE2
      61*:   25:    assert(sse2_utf8_validate(data, len) == valid);
call    0 returned 61
branch  1 taken 0 (fallthrough)
branch  2 taken 61
call    3 never executed
      61*:   26:    assert(sse2_utf8_find_invalid(data, len) == invalid);
call    0 returned 61
branch  1 taken 0 (fallthrough)
branch  2 taken 61
call    3 never executed
      61*:   27:    if (valid) assert(sse2_utf8_count_codepoints(data, len) == count);
branch  0 taken 3 (fallthrough)
branch  1 taken 58
branch  2 taken 0 (fallthrough)
branch  3 taken 3
call    4 never executed
        -:   28:#endif
        -:   29:#if SIMD_CAN_AVX2
       61:   30:    if (simd_detect_avx2()) {
call    0 returned 61
branch  1 taken 61 (fallthrough)
branch  2 taken 0
      61*:   31:        assert(avx2_utf8_validate(data, len) == valid);
call    0 returned 61
branch  1 taken 0 (fallthrough)
branch  2 taken 61
call    3 never executed
       61:   32:        int64_t avx_invalid = avx2_utf8_find_invalid(data, len);
call    0 returned 61
       61:   33:        if (avx_invalid != invalid) {
branch  0 taken 0 (fallthrough)
branch  1 taken 61
    #####:   34:            fprintf(stderr, "avx2_find_invalid mismatch len=%" PRIu64
branch  0 never executed (fallthrough)
branch  1 never executed
call    2 never executed
        -:   35:                    " expected=%" PRId64 " actual=%" PRId64 " first=%u\n",
    #####:   36:                    len, invalid, avx_invalid, len ? (unsigned)data[0] : 0u);
        -:   37:        }
      61*:   38:        assert(avx_invalid == invalid);
branch  0 taken 0 (fallthrough)
branch  1 taken 61
call    2 never executed
      61*:   39:        if (valid) assert(avx2_utf8_count_codepoints(data, len) == count);
branch  0 taken 3 (fallthrough)
branch  1 taken 58
branch  2 taken 0 (fallthrough)
branch  3 taken 3
call    4 never executed
        -:   40:    }
        -:   41:#endif
       61:   42:}
        -:   43:
function correctness called 1 returned 100% blocks executed 88%
        1:   44:static void correctness(void) {
        1:   45:    static const uint8_t empty[] = {0};
        1:   46:    static const uint8_t ascii[] = "Simple UTF-8 ASCII";
        1:   47:    static const uint8_t mixed[] = {
        -:   48:        'A', 0xC3, 0xA9, 0xE4, 0xB8, 0x96, 0xF0, 0x9F, 0x98, 0x80, 'Z'
        -:   49:    };
        1:   50:    static const uint8_t lone[] = {0x80};
        1:   51:    static const uint8_t overlong2[] = {0xC0, 0x80};
        1:   52:    static const uint8_t trunc2[] = {0xC2};
        1:   53:    static const uint8_t overlong3[] = {0xE0, 0x80, 0x80};
        1:   54:    static const uint8_t surrogate[] = {0xED, 0xA0, 0x80};
        1:   55:    static const uint8_t trunc4[] = {0xF0, 0x9F, 0x98};
        1:   56:    static const uint8_t too_high[] = {0xF4, 0x90, 0x80, 0x80};
        1:   57:    check_one(empty, 0, 1, -1, 0);
call    0 returned 1
        1:   58:    check_one(ascii, sizeof(ascii) - 1, 1, -1, (int64_t)sizeof(ascii) - 1);
call    0 returned 1
        1:   59:    check_one(mixed, sizeof(mixed), 1, -1, 5);
call    0 returned 1
        1:   60:    check_one(lone, sizeof(lone), 0, 0, 0);
call    0 returned 1
        1:   61:    check_one(overlong2, sizeof(overlong2), 0, 0, 0);
call    0 returned 1
        1:   62:    check_one(trunc2, sizeof(trunc2), 0, 0, 0);
call    0 returned 1
        1:   63:    check_one(overlong3, sizeof(overlong3), 0, 0, 0);
call    0 returned 1
        1:   64:    check_one(surrogate, sizeof(surrogate), 0, 0, 0);
call    0 returned 1
        1:   65:    check_one(trunc4, sizeof(trunc4), 0, 0, 0);
call    0 returned 1
        1:   66:    check_one(too_high, sizeof(too_high), 0, 0, 0);
call    0 returned 1
        -:   67:
        1:   68:    uint8_t boundary[96];
        1:   69:    memset(boundary, 'x', sizeof(boundary));
       52:   70:    for (size_t at = 15; at <= 65; at++) {
branch  0 taken 51
branch  1 taken 1 (fallthrough)
       51:   71:        boundary[at] = 0x80;
       51:   72:        check_one(boundary, sizeof(boundary), 0, (int64_t)at, 0);
call    0 returned 51
       51:   73:        boundary[at] = 'x';
        -:   74:    }
       1*:   75:    assert(rt_text_validate_utf8_bytes(NULL, 0) == 1);
call    0 returned 1
branch  1 taken 0 (fallthrough)
branch  2 taken 1
call    3 never executed
       1*:   76:    assert(rt_text_validate_utf8_bytes(ascii, sizeof(ascii) - 1) == 1);
call    0 returned 1
branch  1 taken 0 (fallthrough)
branch  2 taken 1
call    3 never executed
       1*:   77:    assert(rt_text_validate_utf8_bytes(lone, sizeof(lone)) == 0);
call    0 returned 1
branch  1 taken 0 (fallthrough)
branch  2 taken 1
call    3 never executed
        1:   78:}
        -:   79:
        -:   80:typedef int (*validate_fn)(const uint8_t *, uint64_t);
        -:   81:
function bench called 21 returned 100% blocks executed 100%
       21:   82:static uint64_t bench(validate_fn fn, const uint8_t *data, uint64_t len,
        -:   83:                      uint64_t iterations, volatile uint64_t *checksum) {
       21:   84:    uint64_t begin = now_ns();
     1365:   85:    for (uint64_t i = 0; i < iterations; i++) *checksum += (uint64_t)fn(data, len);
call    0 returned 21
call    1 returned 1344
branch  2 taken 1344
branch  3 taken 21 (fallthrough)
       21:   86:    return now_ns() - begin;
call    0 returned 21
        -:   87:}
        -:   88:
function sort7 called 3 returned 100% blocks executed 100%
        3:   89:static void sort7(uint64_t values[7]) {
       21:   90:    for (int i = 1; i < 7; i++) {
branch  0 taken 18
branch  1 taken 3 (fallthrough)
       18:   91:        uint64_t value = values[i];
       18:   92:        int j = i - 1;
       50:   93:        while (j >= 0 && values[j] > value) {
branch  0 taken 44 (fallthrough)
branch  1 taken 6
branch  2 taken 32
branch  3 taken 12 (fallthrough)
       32:   94:            values[j + 1] = values[j];
       32:   95:            j--;
        -:   96:        }
       18:   97:        values[j + 1] = value;
        -:   98:    }
        3:   99:}
        -:  100:
function main called 1 returned 100% blocks executed 87%
        1:  101:int main(void) {
        1:  102:    correctness();
call    0 returned 1
        1:  103:    static uint8_t corpus[1024 * 1024];
        1:  104:    memset(corpus, 'a', sizeof(corpus));
        1:  105:    const uint64_t iterations = 64;
        1:  106:    const uint64_t bytes = (uint64_t)sizeof(corpus) * iterations;
        1:  107:    volatile uint64_t checksum = 0;
        1:  108:    uint64_t scalar_ns[7] = {0};
        1:  109:    uint64_t sse2_ns[7] = {0};
        1:  110:    uint64_t avx2_ns[7] = {0};
        8:  111:    for (int sample = 0; sample < 7; sample++) {
branch  0 taken 7
branch  1 taken 1 (fallthrough)
        7:  112:        scalar_ns[sample] = bench(scalar_utf8_validate, corpus, sizeof(corpus), iterations, &checksum);
call    0 returned 7
        -:  113:#if SIMD_HAS_SSE2
        7:  114:        sse2_ns[sample] = bench(sse2_utf8_validate, corpus, sizeof(corpus), iterations, &checksum);
call    0 returned 7
        -:  115:#endif
        -:  116:#if SIMD_CAN_AVX2
        7:  117:        if (simd_detect_avx2())
call    0 returned 7
branch  1 taken 7 (fallthrough)
branch  2 taken 0
        7:  118:            avx2_ns[sample] = bench(avx2_utf8_validate, corpus, sizeof(corpus), iterations, &checksum);
call    0 returned 7
        -:  119:#endif
        -:  120:    }
        1:  121:    sort7(scalar_ns);
call    0 returned 1
        1:  122:    sort7(sse2_ns);
call    0 returned 1
        1:  123:    sort7(avx2_ns);
call    0 returned 1
        1:  124:    struct rusage usage;
       1*:  125:    assert(getrusage(RUSAGE_SELF, &usage) == 0);
call    0 returned 1
branch  1 taken 0 (fallthrough)
branch  2 taken 1
call    3 never executed
        1:  126:    printf("text_perf operation=runtime_simd_utf8_native samples=7 iterations_per_sample=%" PRIu64
call    0 returned 1
call    1 returned 1
        -:  127:           " input_bytes=%zu processed_bytes=%" PRIu64
        -:  128:           " scalar_p50_ns=%" PRIu64 " scalar_p95_ns=%" PRIu64
        -:  129:           " sse2_p50_ns=%" PRIu64 " sse2_p95_ns=%" PRIu64
        -:  130:           " avx2_p50_ns=%" PRIu64 " avx2_p95_ns=%" PRIu64
        -:  131:           " active_avx2=%d process_hwm_kib=%ld allocation_count=0"
        -:  132:           " allocated_bytes=0 transient_bytes=%zu retained_bytes=0 checksum=%" PRIu64 "\n",
        -:  133:           iterations, sizeof(corpus), bytes, scalar_ns[3], scalar_ns[6],
        -:  134:           sse2_ns[3], sse2_ns[6], avx2_ns[3], avx2_ns[6],
        -:  135:           simd_detect_avx2(), usage.ru_maxrss, sizeof(corpus), checksum);
       1*:  136:    assert(scalar_ns[3] > 0);
branch  0 taken 0 (fallthrough)
branch  1 taken 1
call    2 never executed
        -:  137:#if SIMD_HAS_SSE2
       1*:  138:    assert(sse2_ns[3] > 0);
branch  0 taken 0 (fallthrough)
branch  1 taken 1
call    2 never executed
        -:  139:#endif
        1:  140:    return 0;
        -:  141:}
