# Compiler Error Codes (delegates to compiler_shared)
use compiler_shared.error_codes.{UNDEFINED_VARIABLE, UNDEFINED_FUNCTION, TYPE_MISMATCH, INVALID_ASSIGNMENT}
use compiler_shared.error_codes.{INVALID_OPERATION, INVALID_PATTERN, MISSING_FIELD, DUPLICATE_DEFINITION}
use compiler_shared.error_codes.{CIRCULAR_DEPENDENCY, MODULE_NOT_FOUND, UNDEFINED_TYPE, UNDEFINED_FIELD}
use compiler_shared.error_codes.{UNKNOWN_METHOD, UNKNOWN_CLASS, UNKNOWN_ENUM, LET_BINDING_FAILED}
use compiler_shared.error_codes.{IMPURE_FUNCTION_IN_CONTRACT, EFFECT_DECLARATION_FAILED, DUPLICATE_BINDING}
use compiler_shared.error_codes.{ARGUMENT_COUNT_MISMATCH, MISSING_STRUCT_FIELDS, INVALID_LHS_ASSIGNMENT}
use compiler_shared.error_codes.{INVALID_STRUCT_LITERAL, CONST_EVAL_FAILED, DUPLICATE_METHOD}
use compiler_shared.error_codes.{UNKNOWN_ASSOC_TYPE, UNCONSTRAINED_TYPE_PARAM, UNKNOWN_ASSOC_TYPE_NAME}
use compiler_shared.error_codes.{CONFLICTING_TRAIT_BOUNDS, INVALID_LIFETIME_ON_TRAIT, MISSING_TRAIT_METHOD}
use compiler_shared.error_codes.{SELF_IN_STATIC, INVALID_SELF_IMPORT, UNRESOLVED_IMPORT, INVALID_SELF_CONTEXT}
use compiler_shared.error_codes.{CLOSURE_CAPTURE_FAILED, INVALID_SELF_PARAM, PRIVATE_IN_PUBLIC}
use compiler_shared.error_codes.{INVALID_VISIBILITY, PRIVATE_FIELD_ACCESS, INVALID_UNARY_OP}
use compiler_shared.error_codes.{INVALID_SELF_TYPE, INVALID_INDEX_TYPE, TUPLE_INDEX_OOB, INVALID_FIELD_ASSIGN}
use compiler_shared.error_codes.{PRIVATE_FIELD, CANNOT_BORROW_MUT_FIELD, NOT_CALLABLE, CANNOT_CALL_NON_FUNCTION}
use compiler_shared.error_codes.{DISALLOWED_COERCION, CLOSURE_SIGNATURE_MISMATCH, INVALID_LET_ELSE_PATTERN}
use compiler_shared.error_codes.{CANNOT_BORROW_IMMUTABLE, INVALID_DEREFERENCE, TYPE_ALIAS_BOUNDS}
use compiler_shared.error_codes.{INVALID_RANGE, YIELD_OUTSIDE_GENERATOR, INVALID_DOC_COMMENT}
use compiler_shared.error_codes.{INVALID_IMPLICIT_DEREFERENCE, INVALID_CONST_EXPRESSION, EMPTY_ENUM}
use compiler_shared.error_codes.{RECURSION_LIMIT_EXCEEDED, TYPE_SIZE_LIMIT_EXCEEDED, WRONG_INTRINSIC_TYPE}
use compiler_shared.error_codes.{INVALID_RETURN_TYPE, INVALID_MAIN_SIGNATURE, INVALID_BUILTIN_ATTRIBUTE}
use compiler_shared.error_codes.{INCONSISTENT_BINDINGS, MISMATCHED_BINDING, INVALID_DEFAULT_VARIANT}
use compiler_shared.error_codes.{INVALID_ATTRIBUTE_POSITION, INVALID_DESTRUCTURING, NON_EXHAUSTIVE_TYPE}
use compiler_shared.error_codes.{CONFLICTING_REPRESENTATION, DISCRIMINANT_OVERFLOW, UNKNOWN_INTRINSIC}
use compiler_shared.error_codes.{WRONG_INTRINSIC_SIGNATURE, INVALID_INTRINSIC_RETURN, MISSING_GENERIC_ARGUMENTS}
use compiler_shared.error_codes.{TYPE_TOO_COMPLEX, INVALID_CONTEXT}
use compiler_shared.error_codes.{BREAK_OUTSIDE_LOOP, CONTINUE_OUTSIDE_LOOP, RETURN_OUTSIDE_FUNCTION}
use compiler_shared.error_codes.{RETURN_IN_CLOSURE, INVALID_CONTROL_FLOW}
use compiler_shared.error_codes.{ACTOR_SEND_FAILED, ACTOR_RECV_FAILED, CHANNEL_CLOSED, DEADLOCK_DETECTED}
use compiler_shared.error_codes.{ACTOR_JOIN_FAILED}
use compiler_shared.error_codes.{CAPABILITY_VIOLATION, ISOLATION_VIOLATION, BORROW_VIOLATION, USE_AFTER_FREE}
use compiler_shared.error_codes.{MACRO_UNDEFINED, MACRO_USED_BEFORE_DEFINITION, KEYWORD_IN_MACRO}
use compiler_shared.error_codes.{MACRO_SHADOWING, MACRO_INVALID_BLOCK_POSITION, MACRO_MISSING_TYPE_ANNOTATION}
use compiler_shared.error_codes.{MACRO_INVALID_QIDENT}
use compiler_shared.error_codes.{INVALID_POINTCUT_SYNTAX, UNDEFINED_JOINPOINT, INVALID_ADVICE_TYPE}
use compiler_shared.error_codes.{CONFLICTING_ADVICE_ORDER, INVALID_WEAVING_TARGET, ASPECT_CIRCULAR_DEPENDENCY}
use compiler_shared.error_codes.{INVALID_POINTCUT_SELECTOR, ASPECT_NOT_ENABLED}
use compiler_shared.error_codes.{UNKNOWN_BLOCK_TYPE, INVALID_BLOCK_SYNTAX, MATH_BLOCK_INVALID_EXPR}
use compiler_shared.error_codes.{MATH_BLOCK_UNDEFINED_VAR, SHELL_BLOCK_INVALID_CMD, SHELL_BLOCK_UNSAFE_OP}
use compiler_shared.error_codes.{SQL_BLOCK_SYNTAX_ERROR, SQL_BLOCK_INVALID_PARAM, REGEX_BLOCK_INVALID}
use compiler_shared.error_codes.{REGEX_BLOCK_UNKNOWN_FLAG, BLOCK_MISSING_CLOSING, BLOCK_TYPE_MISMATCH}
use compiler_shared.error_codes.{MIXIN_NOT_FOUND, MIXIN_METHOD_CONFLICT, MIXIN_MISSING_REQUIRED}
use compiler_shared.error_codes.{MIXIN_CIRCULAR_DEPENDENCY, MIXIN_INVALID_USE, MIXIN_FIELD_CONFLICT}
use compiler_shared.error_codes.{MIXIN_SELF_REFERENCE, MIXIN_TYPE_MISMATCH}
use compiler_shared.error_codes.{SDN_SYNTAX_ERROR, SDN_UNKNOWN_KEY, SDN_TYPE_MISMATCH, SDN_MISSING_REQUIRED}
use compiler_shared.error_codes.{SDN_DUPLICATE_KEY, SDN_INVALID_VALUE, SDN_NESTING_LIMIT, SDN_CIRCULAR_REFERENCE}
use compiler_shared.error_codes.{DI_MISSING_BINDING, DI_AMBIGUOUS_BINDING, DI_CIRCULAR_DEPENDENCY}
use compiler_shared.error_codes.{DI_INVALID_SCOPE, DI_INJECT_FAILED, DI_INVALID_ATTRIBUTE, DI_SCOPE_MISMATCH}
use compiler_shared.error_codes.{DI_MOCK_NOT_TEST}
use compiler_shared.error_codes.{ARCH_FORBIDDEN_IMPORT, ARCH_FORBIDDEN_DEPEND, ARCH_LAYER_VIOLATION}
use compiler_shared.error_codes.{ARCH_INVALID_RULE, ARCH_CONFLICTING_RULES, ARCH_CIRCULAR_MODULES}
use compiler_shared.error_codes.{UNSUPPORTED_FEATURE, FFI_ERROR, FAILED_BUILD_LOAD, FAILED_BUILD_STORE}
use compiler_shared.error_codes.{FAILED_BUILD_ALLOCA, FAILED_BUILD_CALL, FAILED_TO_CAST, FAILED_BUILD_GEP}
use compiler_shared.error_codes.{UNSUPPORTED_RETURN_TYPE}
use compiler_shared.error_codes.{DIVISION_BY_ZERO, INDEX_OUT_OF_BOUNDS, STACK_OVERFLOW, ASSERTION_FAILED}
use compiler_shared.error_codes.{TIMEOUT, AWAIT_FAILED, PROMISE_REJECTED, FUNCTION_NOT_FOUND}
use compiler_shared.error_codes.{UNHANDLED_EXCEPTION, NULL_POINTER, MEMORY_ERROR, TYPE_ERROR}
use compiler_shared.error_codes.{CONTRACT_VIOLATION, INVARIANT_VIOLATION, POSTCONDITION_VIOLATION}
use compiler_shared.error_codes.{PRECONDITION_VIOLATION}
use compiler_shared.error_codes.{get_category, is_semantic, is_codegen, is_runtime}

export UNDEFINED_VARIABLE, UNDEFINED_FUNCTION, TYPE_MISMATCH, INVALID_ASSIGNMENT
export INVALID_OPERATION, INVALID_PATTERN, MISSING_FIELD, DUPLICATE_DEFINITION
export CIRCULAR_DEPENDENCY, MODULE_NOT_FOUND, UNDEFINED_TYPE, UNDEFINED_FIELD
export UNKNOWN_METHOD, UNKNOWN_CLASS, UNKNOWN_ENUM, LET_BINDING_FAILED
export IMPURE_FUNCTION_IN_CONTRACT, EFFECT_DECLARATION_FAILED, DUPLICATE_BINDING
export ARGUMENT_COUNT_MISMATCH, MISSING_STRUCT_FIELDS, INVALID_LHS_ASSIGNMENT
export INVALID_STRUCT_LITERAL, CONST_EVAL_FAILED, DUPLICATE_METHOD
export UNKNOWN_ASSOC_TYPE, UNCONSTRAINED_TYPE_PARAM, UNKNOWN_ASSOC_TYPE_NAME
export CONFLICTING_TRAIT_BOUNDS, INVALID_LIFETIME_ON_TRAIT, MISSING_TRAIT_METHOD
export SELF_IN_STATIC, INVALID_SELF_IMPORT, UNRESOLVED_IMPORT, INVALID_SELF_CONTEXT
export CLOSURE_CAPTURE_FAILED, INVALID_SELF_PARAM, PRIVATE_IN_PUBLIC
export INVALID_VISIBILITY, PRIVATE_FIELD_ACCESS, INVALID_UNARY_OP
export INVALID_SELF_TYPE, INVALID_INDEX_TYPE, TUPLE_INDEX_OOB, INVALID_FIELD_ASSIGN
export PRIVATE_FIELD, CANNOT_BORROW_MUT_FIELD, NOT_CALLABLE, CANNOT_CALL_NON_FUNCTION
export DISALLOWED_COERCION, CLOSURE_SIGNATURE_MISMATCH, INVALID_LET_ELSE_PATTERN
export CANNOT_BORROW_IMMUTABLE, INVALID_DEREFERENCE, TYPE_ALIAS_BOUNDS
export INVALID_RANGE, YIELD_OUTSIDE_GENERATOR, INVALID_DOC_COMMENT
export INVALID_IMPLICIT_DEREFERENCE, INVALID_CONST_EXPRESSION, EMPTY_ENUM
export RECURSION_LIMIT_EXCEEDED, TYPE_SIZE_LIMIT_EXCEEDED, WRONG_INTRINSIC_TYPE
export INVALID_RETURN_TYPE, INVALID_MAIN_SIGNATURE, INVALID_BUILTIN_ATTRIBUTE
export INCONSISTENT_BINDINGS, MISMATCHED_BINDING, INVALID_DEFAULT_VARIANT
export INVALID_ATTRIBUTE_POSITION, INVALID_DESTRUCTURING, NON_EXHAUSTIVE_TYPE
export CONFLICTING_REPRESENTATION, DISCRIMINANT_OVERFLOW, UNKNOWN_INTRINSIC
export WRONG_INTRINSIC_SIGNATURE, INVALID_INTRINSIC_RETURN, MISSING_GENERIC_ARGUMENTS
export TYPE_TOO_COMPLEX, INVALID_CONTEXT
export BREAK_OUTSIDE_LOOP, CONTINUE_OUTSIDE_LOOP, RETURN_OUTSIDE_FUNCTION
export RETURN_IN_CLOSURE, INVALID_CONTROL_FLOW
export ACTOR_SEND_FAILED, ACTOR_RECV_FAILED, CHANNEL_CLOSED, DEADLOCK_DETECTED
export ACTOR_JOIN_FAILED
export CAPABILITY_VIOLATION, ISOLATION_VIOLATION, BORROW_VIOLATION, USE_AFTER_FREE
export MACRO_UNDEFINED, MACRO_USED_BEFORE_DEFINITION, KEYWORD_IN_MACRO
export MACRO_SHADOWING, MACRO_INVALID_BLOCK_POSITION, MACRO_MISSING_TYPE_ANNOTATION
export MACRO_INVALID_QIDENT
export INVALID_POINTCUT_SYNTAX, UNDEFINED_JOINPOINT, INVALID_ADVICE_TYPE
export CONFLICTING_ADVICE_ORDER, INVALID_WEAVING_TARGET, ASPECT_CIRCULAR_DEPENDENCY
export INVALID_POINTCUT_SELECTOR, ASPECT_NOT_ENABLED
export UNKNOWN_BLOCK_TYPE, INVALID_BLOCK_SYNTAX, MATH_BLOCK_INVALID_EXPR
export MATH_BLOCK_UNDEFINED_VAR, SHELL_BLOCK_INVALID_CMD, SHELL_BLOCK_UNSAFE_OP
export SQL_BLOCK_SYNTAX_ERROR, SQL_BLOCK_INVALID_PARAM, REGEX_BLOCK_INVALID
export REGEX_BLOCK_UNKNOWN_FLAG, BLOCK_MISSING_CLOSING, BLOCK_TYPE_MISMATCH
export MIXIN_NOT_FOUND, MIXIN_METHOD_CONFLICT, MIXIN_MISSING_REQUIRED
export MIXIN_CIRCULAR_DEPENDENCY, MIXIN_INVALID_USE, MIXIN_FIELD_CONFLICT
export MIXIN_SELF_REFERENCE, MIXIN_TYPE_MISMATCH
export SDN_SYNTAX_ERROR, SDN_UNKNOWN_KEY, SDN_TYPE_MISMATCH, SDN_MISSING_REQUIRED
export SDN_DUPLICATE_KEY, SDN_INVALID_VALUE, SDN_NESTING_LIMIT, SDN_CIRCULAR_REFERENCE
export DI_MISSING_BINDING, DI_AMBIGUOUS_BINDING, DI_CIRCULAR_DEPENDENCY
export DI_INVALID_SCOPE, DI_INJECT_FAILED, DI_INVALID_ATTRIBUTE, DI_SCOPE_MISMATCH
export DI_MOCK_NOT_TEST
export ARCH_FORBIDDEN_IMPORT, ARCH_FORBIDDEN_DEPEND, ARCH_LAYER_VIOLATION
export ARCH_INVALID_RULE, ARCH_CONFLICTING_RULES, ARCH_CIRCULAR_MODULES
export UNSUPPORTED_FEATURE, FFI_ERROR, FAILED_BUILD_LOAD, FAILED_BUILD_STORE
export FAILED_BUILD_ALLOCA, FAILED_BUILD_CALL, FAILED_TO_CAST, FAILED_BUILD_GEP
export UNSUPPORTED_RETURN_TYPE
export DIVISION_BY_ZERO, INDEX_OUT_OF_BOUNDS, STACK_OVERFLOW, ASSERTION_FAILED
export TIMEOUT, AWAIT_FAILED, PROMISE_REJECTED, FUNCTION_NOT_FOUND
export UNHANDLED_EXCEPTION, NULL_POINTER, MEMORY_ERROR, TYPE_ERROR
export CONTRACT_VIOLATION, INVARIANT_VIOLATION, POSTCONDITION_VIOLATION
export PRECONDITION_VIOLATION
export get_category, is_semantic, is_codegen, is_runtime
