# Compiler Error Codes - Delegation to compiler_shared
#
# All logic lives in src/compiler_shared/error_codes.spl

from compiler_shared.error_codes import {
    UNDEFINED_VARIABLE, UNDEFINED_FUNCTION, TYPE_MISMATCH, INVALID_ASSIGNMENT,
    INVALID_OPERATION, INVALID_PATTERN, MISSING_FIELD, DUPLICATE_DEFINITION,
    CIRCULAR_DEPENDENCY, MODULE_NOT_FOUND, UNDEFINED_TYPE, UNDEFINED_FIELD,
    UNKNOWN_METHOD, UNKNOWN_CLASS, UNKNOWN_ENUM, LET_BINDING_FAILED,
    IMPURE_FUNCTION_IN_CONTRACT, EFFECT_DECLARATION_FAILED, DUPLICATE_BINDING,
    ARGUMENT_COUNT_MISMATCH, MISSING_STRUCT_FIELDS, INVALID_LHS_ASSIGNMENT,
    INVALID_STRUCT_LITERAL, CONST_EVAL_FAILED, DUPLICATE_METHOD,
    UNKNOWN_ASSOC_TYPE, UNCONSTRAINED_TYPE_PARAM, UNKNOWN_ASSOC_TYPE_NAME,
    CONFLICTING_TRAIT_BOUNDS, INVALID_LIFETIME_ON_TRAIT, MISSING_TRAIT_METHOD,
    SELF_IN_STATIC, INVALID_SELF_IMPORT, UNRESOLVED_IMPORT, INVALID_SELF_CONTEXT,
    CLOSURE_CAPTURE_FAILED, INVALID_SELF_PARAM, PRIVATE_IN_PUBLIC,
    INVALID_VISIBILITY, PRIVATE_FIELD_ACCESS, INVALID_UNARY_OP,
    INVALID_SELF_TYPE, INVALID_INDEX_TYPE, TUPLE_INDEX_OOB, INVALID_FIELD_ASSIGN,
    PRIVATE_FIELD, CANNOT_BORROW_MUT_FIELD, NOT_CALLABLE, CANNOT_CALL_NON_FUNCTION,
    DISALLOWED_COERCION, CLOSURE_SIGNATURE_MISMATCH, INVALID_LET_ELSE_PATTERN,
    CANNOT_BORROW_IMMUTABLE, INVALID_DEREFERENCE, TYPE_ALIAS_BOUNDS,
    INVALID_RANGE, YIELD_OUTSIDE_GENERATOR, INVALID_DOC_COMMENT,
    INVALID_IMPLICIT_DEREFERENCE, INVALID_CONST_EXPRESSION, EMPTY_ENUM,
    RECURSION_LIMIT_EXCEEDED, TYPE_SIZE_LIMIT_EXCEEDED, WRONG_INTRINSIC_TYPE,
    INVALID_RETURN_TYPE, INVALID_MAIN_SIGNATURE, INVALID_BUILTIN_ATTRIBUTE,
    INCONSISTENT_BINDINGS, MISMATCHED_BINDING, INVALID_DEFAULT_VARIANT,
    INVALID_ATTRIBUTE_POSITION, INVALID_DESTRUCTURING, NON_EXHAUSTIVE_TYPE,
    CONFLICTING_REPRESENTATION, DISCRIMINANT_OVERFLOW, UNKNOWN_INTRINSIC,
    WRONG_INTRINSIC_SIGNATURE, INVALID_INTRINSIC_RETURN, MISSING_GENERIC_ARGUMENTS,
    TYPE_TOO_COMPLEX, INVALID_CONTEXT,
    BREAK_OUTSIDE_LOOP, CONTINUE_OUTSIDE_LOOP, RETURN_OUTSIDE_FUNCTION,
    RETURN_IN_CLOSURE, INVALID_CONTROL_FLOW,
    ACTOR_SEND_FAILED, ACTOR_RECV_FAILED, CHANNEL_CLOSED, DEADLOCK_DETECTED,
    ACTOR_JOIN_FAILED,
    CAPABILITY_VIOLATION, ISOLATION_VIOLATION, BORROW_VIOLATION, USE_AFTER_FREE,
    MACRO_UNDEFINED, MACRO_USED_BEFORE_DEFINITION, KEYWORD_IN_MACRO,
    MACRO_SHADOWING, MACRO_INVALID_BLOCK_POSITION, MACRO_MISSING_TYPE_ANNOTATION,
    MACRO_INVALID_QIDENT,
    INVALID_POINTCUT_SYNTAX, UNDEFINED_JOINPOINT, INVALID_ADVICE_TYPE,
    CONFLICTING_ADVICE_ORDER, INVALID_WEAVING_TARGET, ASPECT_CIRCULAR_DEPENDENCY,
    INVALID_POINTCUT_SELECTOR, ASPECT_NOT_ENABLED,
    UNKNOWN_BLOCK_TYPE, INVALID_BLOCK_SYNTAX, MATH_BLOCK_INVALID_EXPR,
    MATH_BLOCK_UNDEFINED_VAR, SHELL_BLOCK_INVALID_CMD, SHELL_BLOCK_UNSAFE_OP,
    SQL_BLOCK_SYNTAX_ERROR, SQL_BLOCK_INVALID_PARAM, REGEX_BLOCK_INVALID,
    REGEX_BLOCK_UNKNOWN_FLAG, BLOCK_MISSING_CLOSING, BLOCK_TYPE_MISMATCH,
    MIXIN_NOT_FOUND, MIXIN_METHOD_CONFLICT, MIXIN_MISSING_REQUIRED,
    MIXIN_CIRCULAR_DEPENDENCY, MIXIN_INVALID_USE, MIXIN_FIELD_CONFLICT,
    MIXIN_SELF_REFERENCE, MIXIN_TYPE_MISMATCH,
    SDN_SYNTAX_ERROR, SDN_UNKNOWN_KEY, SDN_TYPE_MISMATCH, SDN_MISSING_REQUIRED,
    SDN_DUPLICATE_KEY, SDN_INVALID_VALUE, SDN_NESTING_LIMIT, SDN_CIRCULAR_REFERENCE,
    DI_MISSING_BINDING, DI_AMBIGUOUS_BINDING, DI_CIRCULAR_DEPENDENCY,
    DI_INVALID_SCOPE, DI_INJECT_FAILED, DI_INVALID_ATTRIBUTE, DI_SCOPE_MISMATCH,
    DI_MOCK_NOT_TEST,
    ARCH_FORBIDDEN_IMPORT, ARCH_FORBIDDEN_DEPEND, ARCH_LAYER_VIOLATION,
    ARCH_INVALID_RULE, ARCH_CONFLICTING_RULES, ARCH_CIRCULAR_MODULES,
    UNSUPPORTED_FEATURE, FFI_ERROR, FAILED_BUILD_LOAD, FAILED_BUILD_STORE,
    FAILED_BUILD_ALLOCA, FAILED_BUILD_CALL, FAILED_TO_CAST, FAILED_BUILD_GEP,
    UNSUPPORTED_RETURN_TYPE,
    DIVISION_BY_ZERO, INDEX_OUT_OF_BOUNDS, STACK_OVERFLOW, ASSERTION_FAILED,
    TIMEOUT, AWAIT_FAILED, PROMISE_REJECTED, FUNCTION_NOT_FOUND,
    UNHANDLED_EXCEPTION, NULL_POINTER, MEMORY_ERROR, TYPE_ERROR,
    CONTRACT_VIOLATION, INVARIANT_VIOLATION, POSTCONDITION_VIOLATION,
    PRECONDITION_VIOLATION,
    get_category, is_semantic, is_codegen, is_runtime
}

export UNDEFINED_VARIABLE, UNDEFINED_FUNCTION, TYPE_MISMATCH, INVALID_ASSIGNMENT
export INVALID_OPERATION, INVALID_PATTERN, MISSING_FIELD, DUPLICATE_DEFINITION
export CIRCULAR_DEPENDENCY, MODULE_NOT_FOUND, UNDEFINED_TYPE, UNDEFINED_FIELD
export UNKNOWN_METHOD, UNKNOWN_CLASS, UNKNOWN_ENUM, LET_BINDING_FAILED
export IMPURE_FUNCTION_IN_CONTRACT, EFFECT_DECLARATION_FAILED, DUPLICATE_BINDING
export ARGUMENT_COUNT_MISMATCH, MISSING_STRUCT_FIELDS, INVALID_LHS_ASSIGNMENT
export INVALID_STRUCT_LITERAL, CONST_EVAL_FAILED, DUPLICATE_METHOD
export UNKNOWN_ASSOC_TYPE, UNCONSTRAINED_TYPE_PARAM, UNKNOWN_ASSOC_TYPE_NAME
export CONFLICTING_TRAIT_BOUNDS, INVALID_LIFETIME_ON_TRAIT, MISSING_TRAIT_METHOD
export SELF_IN_STATIC, INVALID_SELF_IMPORT, UNRESOLVED_IMPORT, INVALID_SELF_CONTEXT
export CLOSURE_CAPTURE_FAILED, INVALID_SELF_PARAM, PRIVATE_IN_PUBLIC
export INVALID_VISIBILITY, PRIVATE_FIELD_ACCESS, INVALID_UNARY_OP
export INVALID_SELF_TYPE, INVALID_INDEX_TYPE, TUPLE_INDEX_OOB, INVALID_FIELD_ASSIGN
export PRIVATE_FIELD, CANNOT_BORROW_MUT_FIELD, NOT_CALLABLE, CANNOT_CALL_NON_FUNCTION
export DISALLOWED_COERCION, CLOSURE_SIGNATURE_MISMATCH, INVALID_LET_ELSE_PATTERN
export CANNOT_BORROW_IMMUTABLE, INVALID_DEREFERENCE, TYPE_ALIAS_BOUNDS
export INVALID_RANGE, YIELD_OUTSIDE_GENERATOR, INVALID_DOC_COMMENT
export INVALID_IMPLICIT_DEREFERENCE, INVALID_CONST_EXPRESSION, EMPTY_ENUM
export RECURSION_LIMIT_EXCEEDED, TYPE_SIZE_LIMIT_EXCEEDED, WRONG_INTRINSIC_TYPE
export INVALID_RETURN_TYPE, INVALID_MAIN_SIGNATURE, INVALID_BUILTIN_ATTRIBUTE
export INCONSISTENT_BINDINGS, MISMATCHED_BINDING, INVALID_DEFAULT_VARIANT
export INVALID_ATTRIBUTE_POSITION, INVALID_DESTRUCTURING, NON_EXHAUSTIVE_TYPE
export CONFLICTING_REPRESENTATION, DISCRIMINANT_OVERFLOW, UNKNOWN_INTRINSIC
export WRONG_INTRINSIC_SIGNATURE, INVALID_INTRINSIC_RETURN, MISSING_GENERIC_ARGUMENTS
export TYPE_TOO_COMPLEX, INVALID_CONTEXT
export BREAK_OUTSIDE_LOOP, CONTINUE_OUTSIDE_LOOP, RETURN_OUTSIDE_FUNCTION
export RETURN_IN_CLOSURE, INVALID_CONTROL_FLOW
export ACTOR_SEND_FAILED, ACTOR_RECV_FAILED, CHANNEL_CLOSED, DEADLOCK_DETECTED
export ACTOR_JOIN_FAILED
export CAPABILITY_VIOLATION, ISOLATION_VIOLATION, BORROW_VIOLATION, USE_AFTER_FREE
export MACRO_UNDEFINED, MACRO_USED_BEFORE_DEFINITION, KEYWORD_IN_MACRO
export MACRO_SHADOWING, MACRO_INVALID_BLOCK_POSITION, MACRO_MISSING_TYPE_ANNOTATION
export MACRO_INVALID_QIDENT
export INVALID_POINTCUT_SYNTAX, UNDEFINED_JOINPOINT, INVALID_ADVICE_TYPE
export CONFLICTING_ADVICE_ORDER, INVALID_WEAVING_TARGET, ASPECT_CIRCULAR_DEPENDENCY
export INVALID_POINTCUT_SELECTOR, ASPECT_NOT_ENABLED
export UNKNOWN_BLOCK_TYPE, INVALID_BLOCK_SYNTAX, MATH_BLOCK_INVALID_EXPR
export MATH_BLOCK_UNDEFINED_VAR, SHELL_BLOCK_INVALID_CMD, SHELL_BLOCK_UNSAFE_OP
export SQL_BLOCK_SYNTAX_ERROR, SQL_BLOCK_INVALID_PARAM, REGEX_BLOCK_INVALID
export REGEX_BLOCK_UNKNOWN_FLAG, BLOCK_MISSING_CLOSING, BLOCK_TYPE_MISMATCH
export MIXIN_NOT_FOUND, MIXIN_METHOD_CONFLICT, MIXIN_MISSING_REQUIRED
export MIXIN_CIRCULAR_DEPENDENCY, MIXIN_INVALID_USE, MIXIN_FIELD_CONFLICT
export MIXIN_SELF_REFERENCE, MIXIN_TYPE_MISMATCH
export SDN_SYNTAX_ERROR, SDN_UNKNOWN_KEY, SDN_TYPE_MISMATCH, SDN_MISSING_REQUIRED
export SDN_DUPLICATE_KEY, SDN_INVALID_VALUE, SDN_NESTING_LIMIT, SDN_CIRCULAR_REFERENCE
export DI_MISSING_BINDING, DI_AMBIGUOUS_BINDING, DI_CIRCULAR_DEPENDENCY
export DI_INVALID_SCOPE, DI_INJECT_FAILED, DI_INVALID_ATTRIBUTE, DI_SCOPE_MISMATCH
export DI_MOCK_NOT_TEST
export ARCH_FORBIDDEN_IMPORT, ARCH_FORBIDDEN_DEPEND, ARCH_LAYER_VIOLATION
export ARCH_INVALID_RULE, ARCH_CONFLICTING_RULES, ARCH_CIRCULAR_MODULES
export UNSUPPORTED_FEATURE, FFI_ERROR, FAILED_BUILD_LOAD, FAILED_BUILD_STORE
export FAILED_BUILD_ALLOCA, FAILED_BUILD_CALL, FAILED_TO_CAST, FAILED_BUILD_GEP
export UNSUPPORTED_RETURN_TYPE
export DIVISION_BY_ZERO, INDEX_OUT_OF_BOUNDS, STACK_OVERFLOW, ASSERTION_FAILED
export TIMEOUT, AWAIT_FAILED, PROMISE_REJECTED, FUNCTION_NOT_FOUND
export UNHANDLED_EXCEPTION, NULL_POINTER, MEMORY_ERROR, TYPE_ERROR
export CONTRACT_VIOLATION, INVARIANT_VIOLATION, POSTCONDITION_VIOLATION
export PRECONDITION_VIOLATION
export get_category, is_semantic, is_codegen, is_runtime
